<?xml version="1.0" encoding="UTF-8"?>
<testsuite xmlns:xsi="http://www.w3.org/2001/XMLSchema-instance" xsi:noNamespaceSchemaLocation="https://maven.apache.org/surefire/maven-surefire-plugin/xsd/surefire-test-report.xsd" version="3.0.2" name="com.project.taskmanager.TaskmanagerApplicationTests" time="16.624" tests="1" errors="0" skipped="0" failures="0" flakes="0">
  <properties>
[...]
</properties>
  <testcase name="contextLoads" classname="com.project.taskmanager.TaskmanagerApplicationTests" time="2.788">
    <system-out><![CDATA[21:15:14.046 [main] INFO org.springframework.test.context.support.AnnotationConfigContextLoaderUtils -- Could not detect default configuration classes for test class [com.project.taskmanager.TaskmanagerApplicationTests]: TaskmanagerApplicationTests does not declare any static, non-private, non-final, nested classes annotated with @Configuration.
21:15:14.401 [main] INFO org.springframework.boot.test.context.SpringBootTestContextBootstrapper -- Found @SpringBootConfiguration com.project.taskmanager.TaskmanagerApplication for test class com.project.taskmanager.TaskmanagerApplicationTests
21:15:14.657 [main] INFO org.springframework.test.context.support.AnnotationConfigContextLoaderUtils -- Could not detect default configuration classes for test class [com.project.taskmanager.TaskmanagerApplicationTests]: TaskmanagerApplicationTests does not declare any static, non-private, non-final, nested classes annotated with @Configuration.
21:15:14.662 [main] INFO org.springframework.boot.test.context.SpringBootTestContextBootstrapper -- Found @SpringBootConfiguration com.project.taskmanager.TaskmanagerApplication for test class com.project.taskmanager.TaskmanagerApplicationTests
21:15:14.921 [main] INFO org.springframework.boot.devtools.restart.RestartApplicationListener -- Restart disabled due to context in which it is running

  .   ____          _            __ _ _
 /\\ / ___'_ __ _ _(_)_ __  __ _ \ \ \ \
( ( )\___ | '_ | '_| | '_ \/ _` | \ \ \ \
 \\/  ___)| |_)| | | | | || (_| |  ) ) ) )
  '  |____| .__|_| |_|_| |_\__, | / / / /
 =========|_|==============|___/=/_/_/_/

 :: Spring Boot ::                (v4.0.4)

2026-03-24T21:15:15.833+05:30  INFO 12140 --- [taskmanager] [           main] c.p.t.TaskmanagerApplicationTests        : Starting TaskmanagerApplicationTests using Java 21.0.10 with PID 12140 (started by pavan in c:\Users\pavan\Desktop\Projects\TaskManager\taskmanager)
2026-03-24T21:15:15.856+05:30  INFO 12140 --- [taskmanager] [           main] c.p.t.TaskmanagerApplicationTests        : No active profile set, falling back to 1 default profile: "default"
2026-03-24T21:15:18.624+05:30  INFO 12140 --- [taskmanager] [           main] .s.d.r.c.RepositoryConfigurationDelegate : Bootstrapping Spring Data MongoDB repositories in DEFAULT mode.
2026-03-24T21:15:18.847+05:30  INFO 12140 --- [taskmanager] [           main] .s.d.r.c.RepositoryConfigurationDelegate : Finished Spring Data repository scanning in 202 ms. Found 3 MongoDB repository interfaces.
2026-03-24T21:15:21.494+05:30  INFO 12140 --- [taskmanager] [           main] org.mongodb.driver.client                : MongoClient with metadata {"driver": {"name": "mongo-java-driver|spring-boot|sync", "version": "5.6.4"}, "os": {"type": "Windows", "name": "Windows 10", "architecture": "amd64", "version": "10.0"}, "platform": "Java/Oracle Corporation/21.0.10+8-LTS-217"} created with settings MongoClientSettings{readPreference=primary, writeConcern=WriteConcern{w=majority, wTimeout=null ms, journal=null}, retryWrites=true, retryReads=true, readConcern=ReadConcern{level=null}, credential=MongoCredential{mechanism=null, userName='pavan1299_db_user', source='admin', password=<hidden>, mechanismProperties=<hidden>}, transportSettings=null, commandListeners=[], codecRegistry=ProvidersCodecRegistry{codecProviders=[ValueCodecProvider{}, BsonValueCodecProvider{}, DBRefCodecProvider{}, DBObjectCodecProvider{}, DocumentCodecProvider{}, CollectionCodecProvider{}, IterableCodecProvider{}, MapCodecProvider{}, GeoJsonCodecProvider{}, GridFSFileCodecProvider{}, Jsr310CodecProvider{}, JsonObjectCodecProvider{}, BsonCodecProvider{}, com.mongodb.client.model.mql.ExpressionCodecProvider@259287ac, com.mongodb.Jep395RecordCodecProvider@1abcd059, com.mongodb.KotlinCodecProvider@61a87366, EnumCodecProvider{}]}, loggerSettings=LoggerSettings{maxDocumentLength=1000}, clusterSettings={hosts=[127.0.0.1:27017], srvHost=cluster0.i0dxxtm.mongodb.net, srvServiceName=mongodb, mode=MULTIPLE, requiredClusterType=REPLICA_SET, requiredReplicaSetName='atlas-h6bnxs-shard-0', serverSelector='null', clusterListeners='[]', serverSelectionTimeout='30000 ms', localThreshold='15 ms'}, socketSettings=SocketSettings{connectTimeoutMS=10000, readTimeoutMS=0, receiveBufferSize=0, proxySettings=ProxySettings{host=null, port=null, username=null, password=null}}, heartbeatSocketSettings=SocketSettings{connectTimeoutMS=10000, readTimeoutMS=10000, receiveBufferSize=0, proxySettings=ProxySettings{host=null, port=null, username=null, password=null}}, connectionPoolSettings=ConnectionPoolSettings{maxSize=100, minSize=0, maxWaitTimeMS=120000, maxConnectionLifeTimeMS=0, maxConnectionIdleTimeMS=0, maintenanceInitialDelayMS=0, maintenanceFrequencyMS=60000, connectionPoolListeners=[], maxConnecting=2}, serverSettings=ServerSettings{heartbeatFrequencyMS=10000, minHeartbeatFrequencyMS=500, serverMonitoringMode=AUTO, serverListeners='[]', serverMonitorListeners='[]'}, sslSettings=SslSettings{enabled=true, invalidHostNameAllowed=false, context=null}, applicationName='null', compressorList=[], uuidRepresentation=UNSPECIFIED, serverApi=null, autoEncryptionSettings=null, dnsClient=null, inetAddressResolver=null, contextProvider=null, timeoutMS=null}
2026-03-24T21:15:21.913+05:30  INFO 12140 --- [taskmanager] [xtm.mongodb.net] org.mongodb.driver.cluster               : Adding discovered server ac-jhtjctw-shard-00-00.i0dxxtm.mongodb.net:27017 to client view of cluster
2026-03-24T21:15:22.036+05:30  INFO 12140 --- [taskmanager] [xtm.mongodb.net] org.mongodb.driver.cluster               : Adding discovered server ac-jhtjctw-shard-00-01.i0dxxtm.mongodb.net:27017 to client view of cluster
2026-03-24T21:15:22.037+05:30  INFO 12140 --- [taskmanager] [xtm.mongodb.net] org.mongodb.driver.cluster               : Adding discovered server ac-jhtjctw-shard-00-02.i0dxxtm.mongodb.net:27017 to client view of cluster
2026-03-24T21:15:23.603+05:30  INFO 12140 --- [taskmanager] [           main] eAuthenticationProviderManagerConfigurer : Global AuthenticationManager configured with AuthenticationProvider bean with name authenticationProvider
2026-03-24T21:15:23.605+05:30  WARN 12140 --- [taskmanager] [           main] r$InitializeUserDetailsManagerConfigurer : Global AuthenticationManager configured with an AuthenticationProvider bean. UserDetailsService beans will not be used by Spring Security for automatically configuring username/password login. Consider removing the AuthenticationProvider bean. Alternatively, consider using the UserDetailsService in a manually instantiated DaoAuthenticationProvider. If the current configuration is intentional, to turn off this warning, increase the logging level of 'org.springframework.security.config.annotation.authentication.configuration.InitializeUserDetailsBeanManagerConfigurer' to ERROR
2026-03-24T21:15:24.739+05:30  INFO 12140 --- [taskmanager] [ngodb.net:27017] org.mongodb.driver.cluster               : Monitor thread successfully connected to server with description ServerDescription{address=ac-jhtjctw-shard-00-01.i0dxxtm.mongodb.net:27017, type=REPLICA_SET_SECONDARY, cryptd=false, state=CONNECTED, ok=true, minWireVersion=0, maxWireVersion=25, maxDocumentSize=16777216, logicalSessionTimeoutMinutes=30, roundTripTimeNanos=1564433800, minRoundTripTimeNanos=0, setName='atlas-h6bnxs-shard-0', canonicalAddress=ac-jhtjctw-shard-00-01.i0dxxtm.mongodb.net:27017, hosts=[ac-jhtjctw-shard-00-00.i0dxxtm.mongodb.net:27017, ac-jhtjctw-shard-00-01.i0dxxtm.mongodb.net:27017, ac-jhtjctw-shard-00-02.i0dxxtm.mongodb.net:27017], passives=[], arbiters=[], primary='ac-jhtjctw-shard-00-02.i0dxxtm.mongodb.net:27017', tagSet=TagSet{[Tag{name='availabilityZone', value='aps1-az3'}, Tag{name='diskState', value='READY'}, Tag{name='nodeType', value='ELECTABLE'}, Tag{name='provider', value='AWS'}, Tag{name='region', value='AP_SOUTH_1'}, Tag{name='workloadType', value='OPERATIONAL'}]}, electionId=null, setVersion=220, topologyVersion=TopologyVersion{processId=69b2ebca86bf424adec57f51, counter=3}, lastWriteDate=Tue Mar 24 21:15:31 IST 2026, lastUpdateTimeNanos=628111766055700}
2026-03-24T21:15:24.740+05:30  INFO 12140 --- [taskmanager] [ngodb.net:27017] org.mongodb.driver.cluster               : Monitor thread successfully connected to server with description ServerDescription{address=ac-jhtjctw-shard-00-00.i0dxxtm.mongodb.net:27017, type=REPLICA_SET_SECONDARY, cryptd=false, state=CONNECTED, ok=true, minWireVersion=0, maxWireVersion=25, maxDocumentSize=16777216, logicalSessionTimeoutMinutes=30, roundTripTimeNanos=1565825700, minRoundTripTimeNanos=0, setName='atlas-h6bnxs-shard-0', canonicalAddress=ac-jhtjctw-shard-00-00.i0dxxtm.mongodb.net:27017, hosts=[ac-jhtjctw-shard-00-00.i0dxxtm.mongodb.net:27017, ac-jhtjctw-shard-00-01.i0dxxtm.mongodb.net:27017, ac-jhtjctw-shard-00-02.i0dxxtm.mongodb.net:27017], passives=[], arbiters=[], primary='ac-jhtjctw-shard-00-02.i0dxxtm.mongodb.net:27017', tagSet=TagSet{[Tag{name='availabilityZone', value='aps1-az1'}, Tag{name='diskState', value='READY'}, Tag{name='nodeType', value='ELECTABLE'}, Tag{name='provider', value='AWS'}, Tag{name='region', value='AP_SOUTH_1'}, Tag{name='workloadType', value='OPERATIONAL'}]}, electionId=null, setVersion=220, topologyVersion=TopologyVersion{processId=69b2e59be146ea5803e9dc32, counter=4}, lastWriteDate=Tue Mar 24 21:15:31 IST 2026, lastUpdateTimeNanos=628111766526500}
2026-03-24T21:15:24.747+05:30  INFO 12140 --- [taskmanager] [ngodb.net:27017] org.mongodb.driver.cluster               : Monitor thread successfully connected to server with description ServerDescription{address=ac-jhtjctw-shard-00-02.i0dxxtm.mongodb.net:27017, type=REPLICA_SET_PRIMARY, cryptd=false, state=CONNECTED, ok=true, minWireVersion=0, maxWireVersion=25, maxDocumentSize=16777216, logicalSessionTimeoutMinutes=30, roundTripTimeNanos=957113400, minRoundTripTimeNanos=0, setName='atlas-h6bnxs-shard-0', canonicalAddress=ac-jhtjctw-shard-00-02.i0dxxtm.mongodb.net:27017, hosts=[ac-jhtjctw-shard-00-00.i0dxxtm.mongodb.net:27017, ac-jhtjctw-shard-00-01.i0dxxtm.mongodb.net:27017, ac-jhtjctw-shard-00-02.i0dxxtm.mongodb.net:27017], passives=[], arbiters=[], primary='ac-jhtjctw-shard-00-02.i0dxxtm.mongodb.net:27017', tagSet=TagSet{[Tag{name='availabilityZone', value='aps1-az2'}, Tag{name='diskState', value='READY'}, Tag{name='nodeType', value='ELECTABLE'}, Tag{name='provider', value='AWS'}, Tag{name='region', value='AP_SOUTH_1'}, Tag{name='workloadType', value='OPERATIONAL'}]}, electionId=7fffffff00000000000000fa, setVersion=220, topologyVersion=TopologyVersion{processId=69b2e8da0af35a7cf0e52174, counter=6}, lastWriteDate=Tue Mar 24 21:15:31 IST 2026, lastUpdateTimeNanos=628111766712900}
2026-03-24T21:15:24.763+05:30  INFO 12140 --- [taskmanager] [ngodb.net:27017] org.mongodb.driver.cluster               : Discovered replica set primary ac-jhtjctw-shard-00-02.i0dxxtm.mongodb.net:27017 with max election id 7fffffff00000000000000fa and max set version 220
2026-03-24T21:15:26.975+05:30  INFO 12140 --- [taskmanager] [           main] c.p.t.TaskmanagerApplicationTests        : Started TaskmanagerApplicationTests in 12.087 seconds (process running for 16.376)
]]></system-out>
    <system-err><![CDATA[Mockito is currently self-attaching to enable the inline-mock-maker. This will no longer work in future releases of the JDK. Please add Mockito as an agent to your build as described in Mockito's documentation: https://javadoc.io/doc/org.mockito/mockito-core/latest/org.mockito/org/mockito/Mockito.html#0.3
WARNING: A Java agent has been loaded dynamically (C:\Users\pavan\.m2\repository\net\bytebuddy\byte-buddy-agent\1.17.8\byte-buddy-agent-1.17.8.jar)
WARNING: If a serviceability tool is in use, please run with -XX:+EnableDynamicAgentLoading to hide this warning
WARNING: If a serviceability tool is not in use, please run with -Djdk.instrument.traceUsage for more information
WARNING: Dynamic loading of agents will be disallowed by default in a future release
]]></system-err>
  </testcase>
</testsuite>